<?xml version="1.0" encoding="UTF-8"?>
<testng-results ignored="0" total="1" passed="1" failed="0" skipped="0">
  <reporter-output>
  </reporter-output>
  <suite started-at="2022-01-21T23:36:36 IST" name="Default suite" finished-at="2022-01-21T23:36:52 IST" duration-ms="16447">
    <groups>
    </groups>
    <test started-at="2022-01-21T23:36:36 IST" name="Default test" finished-at="2022-01-21T23:36:52 IST" duration-ms="16447">
      <class name="restassueredassignments.ExtractValuesFromRegisterSuccesfulResponse">
        <test-method signature="test()[pri:0, instance:restassueredassignments.ExtractValuesFromRegisterSuccesfulResponse@2dde1bff]" started-at="2022-01-21T23:36:36 IST" name="test" finished-at="2022-01-21T23:36:52 IST" duration-ms="16381" status="PASS">
          <reporter-output>
          </reporter-output>
        </test-method> <!-- test -->
      </class> <!-- restassueredassignments.ExtractValuesFromRegisterSuccesfulResponse -->
    </test> <!-- Default test -->
  </suite> <!-- Default suite -->
</testng-results>
